<?xml version="1.0" encoding="UTF-8"?>
<testng-results skipped="0" failed="0" ignored="0" total="1" passed="1">
  <reporter-output>
  </reporter-output>
  <suite name="Default suite" duration-ms="43178" started-at="2020-05-28T16:35:28Z" finished-at="2020-05-28T16:36:11Z">
    <groups>
    </groups>
    <test name="Default test" duration-ms="43178" started-at="2020-05-28T16:35:28Z" finished-at="2020-05-28T16:36:11Z">
      <class name="homesPackage.Basics">
        <test-method status="PASS" signature="reportSetup()[pri:0, instance:homesPackage.Basics@4973813a]" name="reportSetup" is-config="true" duration-ms="332" started-at="2020-05-28T16:35:28Z" finished-at="2020-05-28T16:35:28Z">
          <reporter-output>
          </reporter-output>
        </test-method> <!-- reportSetup -->
        <test-method status="PASS" signature="DeviceCapabilities()[pri:0, instance:homesPackage.Basics@4973813a]" name="DeviceCapabilities" is-config="true" duration-ms="12475" started-at="2020-05-28T16:35:28Z" finished-at="2020-05-28T16:35:41Z">
          <reporter-output>
          </reporter-output>
        </test-method> <!-- DeviceCapabilities -->
        <test-method status="PASS" signature="testMethod()[pri:0, instance:homesPackage.Basics@4973813a]" name="testMethod" duration-ms="30094" started-at="2020-05-28T16:35:41Z" finished-at="2020-05-28T16:36:11Z">
          <reporter-output>
          </reporter-output>
        </test-method> <!-- testMethod -->
        <test-method status="PASS" signature="afterMethod()[pri:0, instance:homesPackage.Basics@4973813a]" name="afterMethod" is-config="true" duration-ms="574" started-at="2020-05-28T16:36:11Z" finished-at="2020-05-28T16:36:11Z">
          <reporter-output>
          </reporter-output>
        </test-method> <!-- afterMethod -->
        <test-method status="PASS" signature="reportTeardown()[pri:0, instance:homesPackage.Basics@4973813a]" name="reportTeardown" is-config="true" duration-ms="623" started-at="2020-05-28T16:36:11Z" finished-at="2020-05-28T16:36:12Z">
          <reporter-output>
          </reporter-output>
        </test-method> <!-- reportTeardown -->
      </class> <!-- homesPackage.Basics -->
    </test> <!-- Default test -->
  </suite> <!-- Default suite -->
</testng-results>
